<?xml version="1.0" encoding="UTF-8"?>
<!-- Generated by org.testng.reporters.JUnitReportReporter -->
<testsuite hostname="DESKTOP-9QN5V92" name="com.uiframe.testcases.PLogin" tests="1" failures="0" timestamp="3 May 2018 08:14:54 GMT" time="10.684" errors="0">
  <testcase name="Login" time="10.684" classname="com.uiframe.testcases.PLogin"/>
</testsuite> <!-- com.uiframe.testcases.PLogin -->
